{"/Users/wslee94/Projects/git/TDD-dreamcoding/unit-basic/src/add.js": {"path":"/Users/wslee94/Projects/git/TDD-dreamcoding/unit-basic/src/add.js","all":false,"statementMap":{"0":{"start":{"line":1,"column":0},"end":{"line":1,"column":20}},"1":{"start":{"line":2,"column":0},"end":{"line":2,"column":15}},"2":{"start":{"line":3,"column":0},"end":{"line":3,"column":28}},"3":{"start":{"line":4,"column":0},"end":{"line":4,"column":1}},"4":{"start":{"line":5,"column":0},"end":{"line":5,"column":0}},"5":{"start":{"line":6,"column":0},"end":{"line":6,"column":21}}},"s":{"0":1,"1":1,"2":0,"3":0,"4":1,"5":1},"branchMap":{"0":{"type":"branch","line":1,"loc":{"start":{"line":1,"column":0},"end":{"line":4,"column":1}},"locations":[{"start":{"line":1,"column":0},"end":{"line":4,"column":1}}]},"1":{"type":"branch","line":2,"loc":{"start":{"line":2,"column":14},"end":{"line":4,"column":1}},"locations":[{"start":{"line":2,"column":14},"end":{"line":4,"column":1}}]}},"b":{"0":[1],"1":[0]},"fnMap":{"0":{"name":"add","decl":{"start":{"line":1,"column":0},"end":{"line":4,"column":1}},"loc":{"start":{"line":1,"column":0},"end":{"line":4,"column":1}},"line":1}},"f":{"0":1}}
}
